# JRE version: Java(TM) SE Runtime Environment (17.0.12+8) (build 17.0.12+8-LTS-286)
# Java VM: Java HotSpot(TM) 64-Bit Server VM (17.0.12+8-LTS-286, mixed mode, sharing, tiered, compressed oops, compressed class ptrs, g1 gc, windows-amd64)
GC Precious Log:
 CPUs: 4 total, 4 available
 Memory: 16313M
 Large Page Support: Disabled
 NUMA Support: Disabled
 Compressed Oops: Enabled (Zero based)
 Heap Region Size: 2M
 Heap Min Capacity: 8M
 Heap Initial Capacity: 256M
 Heap Max Capacity: 4080M
 Pre-touch: Disabled
 Parallel Workers: 4
 Concurrent Workers: 1
 Concurrent Refinement Workers: 4
 Periodic GC: Disabled
Heap:
 garbage-first heap   total 266240K, used 124424K [0x0000000701000000, 0x0000000800000000)
  region size 2048K, 3 young (6144K), 3 survivors (6144K)
 Metaspace       used 30284K, committed 30592K, reserved 1114112K
  class space    used 3311K, committed 3456K, reserved 1048576K
GC Heap History (20 events):
Event: 15.860 GC heap after
{Heap after GC invocations=10 (full 0):
 garbage-first heap   total 167936K, used 77288K [0x0000000701000000, 0x0000000800000000)
  region size 2048K, 4 young (8192K), 4 survivors (8192K)
 Metaspace       used 26215K, committed 26496K, reserved 1114112K
  class space    used 2970K, committed 3136K, reserved 1048576K
}
Event: 17.489 GC heap before
{Heap before GC invocations=10 (full 0):
 garbage-first heap   total 167936K, used 118248K [0x0000000701000000, 0x0000000800000000)
  region size 2048K, 24 young (49152K), 4 survivors (8192K)
 Metaspace       used 27140K, committed 27456K, reserved 1114112K
  class space    used 3040K, committed 3200K, reserved 1048576K
}
Event: 17.511 GC heap after
{Heap after GC invocations=11 (full 0):
 garbage-first heap   total 167936K, used 86016K [0x0000000701000000, 0x0000000800000000)
  region size 2048K, 3 young (6144K), 3 survivors (6144K)
 Metaspace       used 27140K, committed 27456K, reserved 1114112K
  class space    used 3040K, committed 3200K, reserved 1048576K
}
Event: 18.120 GC heap before
{Heap before GC invocations=11 (full 0):
 garbage-first heap   total 167936K, used 122880K [0x0000000701000000, 0x0000000800000000)
  region size 2048K, 21 young (43008K), 3 survivors (6144K)
 Metaspace       used 27288K, committed 27584K, reserved 1114112K
  class space    used 3042K, committed 3200K, reserved 1048576K
}
Event: 18.147 GC heap after
{Heap after GC invocations=12 (full 0):
 garbage-first heap   total 167936K, used 92641K [0x0000000701000000, 0x0000000800000000)
  region size 2048K, 3 young (6144K), 3 survivors (6144K)
 Metaspace       used 27288K, committed 27584K, reserved 1114112K
  class space    used 3042K, committed 3200K, reserved 1048576K
}
Event: 18.830 GC heap before
{Heap before GC invocations=13 (full 0):
 garbage-first heap   total 172032K, used 127457K [0x0000000701000000, 0x0000000800000000)
  region size 2048K, 20 young (40960K), 3 survivors (6144K)
 Metaspace       used 27400K, committed 27712K, reserved 1114112K
  class space    used 3050K, committed 3200K, reserved 1048576K
}
Event: 18.854 GC heap after
{Heap after GC invocations=14 (full 0):
 garbage-first heap   total 172032K, used 100313K [0x0000000701000000, 0x0000000800000000)
  region size 2048K, 3 young (6144K), 3 survivors (6144K)
 Metaspace       used 27400K, committed 27712K, reserved 1114112K
  class space    used 3050K, committed 3200K, reserved 1048576K
}
Event: 19.337 GC heap before
{Heap before GC invocations=14 (full 0):
 garbage-first heap   total 172032K, used 133081K [0x0000000701000000, 0x0000000800000000)
  region size 2048K, 19 young (38912K), 3 survivors (6144K)
 Metaspace       used 27453K, committed 27712K, reserved 1114112K
  class space    used 3051K, committed 3200K, reserved 1048576K
}
Event: 19.358 GC heap after
{Heap after GC invocations=15 (full 0):
 garbage-first heap   total 225280K, used 106721K [0x0000000701000000, 0x0000000800000000)
  region size 2048K, 3 young (6144K), 3 survivors (6144K)
 Metaspace       used 27453K, committed 27712K, reserved 1114112K
  class space    used 3051K, committed 3200K, reserved 1048576K
}
Event: 20.666 GC heap before
{Heap before GC invocations=16 (full 0):
 garbage-first heap   total 225280K, used 168161K [0x0000000701000000, 0x0000000800000000)
  region size 2048K, 33 young (67584K), 3 survivors (6144K)
 Metaspace       used 28166K, committed 28480K, reserved 1114112K
  class space    used 3103K, committed 3264K, reserved 1048576K
}
Event: 20.693 GC heap after
{Heap after GC invocations=17 (full 0):
 garbage-first heap   total 225280K, used 113196K [0x0000000701000000, 0x0000000800000000)
  region size 2048K, 4 young (8192K), 4 survivors (8192K)
 Metaspace       used 28166K, committed 28480K, reserved 1114112K
  class space    used 3103K, committed 3264K, reserved 1048576K
}
Event: 20.719 GC heap before
{Heap before GC invocations=17 (full 0):
 garbage-first heap   total 225280K, used 115244K [0x0000000701000000, 0x0000000800000000)
  region size 2048K, 5 young (10240K), 4 survivors (8192K)
 Metaspace       used 28166K, committed 28480K, reserved 1114112K
  class space    used 3103K, committed 3264K, reserved 1048576K
}
Event: 20.740 GC heap after
{Heap after GC invocations=18 (full 0):
 garbage-first heap   total 225280K, used 113337K [0x0000000701000000, 0x0000000800000000)
  region size 2048K, 1 young (2048K), 1 survivors (2048K)
 Metaspace       used 28166K, committed 28480K, reserved 1114112K
  class space    used 3103K, committed 3264K, reserved 1048576K
}
Event: 21.275 GC heap before
{Heap before GC invocations=18 (full 0):
 garbage-first heap   total 225280K, used 172729K [0x0000000701000000, 0x0000000800000000)
  region size 2048K, 30 young (61440K), 1 survivors (2048K)
 Metaspace       used 28182K, committed 28480K, reserved 1114112K
  class space    used 3103K, committed 3264K, reserved 1048576K
}
Event: 21.293 GC heap after
{Heap after GC invocations=19 (full 0):
 garbage-first heap   total 225280K, used 118826K [0x0000000701000000, 0x0000000800000000)
  region size 2048K, 4 young (8192K), 4 survivors (8192K)
 Metaspace       used 28182K, committed 28480K, reserved 1114112K
  class space    used 3103K, committed 3264K, reserved 1048576K
}
Event: 21.897 GC heap before
{Heap before GC invocations=20 (full 0):
 garbage-first heap   total 249856K, used 176170K [0x0000000701000000, 0x0000000800000000)
  region size 2048K, 32 young (65536K), 4 survivors (8192K)
 Metaspace       used 28193K, committed 28480K, reserved 1114112K
  class space    used 3103K, committed 3264K, reserved 1048576K
}
Event: 21.922 GC heap after
{Heap after GC invocations=21 (full 0):
 garbage-first heap   total 249856K, used 122388K [0x0000000701000000, 0x0000000800000000)
  region size 2048K, 4 young (8192K), 4 survivors (8192K)
 Metaspace       used 28193K, committed 28480K, reserved 1114112K
  class space    used 3103K, committed 3264K, reserved 1048576K
}
Event: 21.948 GC heap before
{Heap before GC invocations=21 (full 0):
 garbage-first heap   total 249856K, used 126484K [0x0000000701000000, 0x0000000800000000)
  region size 2048K, 6 young (12288K), 4 survivors (8192K)
 Metaspace       used 28193K, committed 28480K, reserved 1114112K
  class space    used 3103K, committed 3264K, reserved 1048576K
}
Event: 21.966 GC heap after
{Heap after GC invocations=22 (full 0):
 garbage-first heap   total 249856K, used 120882K [0x0000000701000000, 0x0000000800000000)
  region size 2048K, 1 young (2048K), 1 survivors (2048K)
 Metaspace       used 28193K, committed 28480K, reserved 1114112K
  class space    used 3103K, committed 3264K, reserved 1048576K
}
Event: 24.229 GC heap before
{Heap before GC invocations=22 (full 0):
 garbage-first heap   total 249856K, used 192562K [0x0000000701000000, 0x0000000800000000)
  region size 2048K, 36 young (73728K), 1 survivors (2048K)
 Metaspace       used 30284K, committed 30592K, reserved 1114112K
  class space    used 3311K, committed 3456K, reserved 1048576K
}

